生成启动时间为 2015/7/23 16:48:05。
     1>项目“C:\Users\Administrator\Desktop\C++\Code_C++_Real-time O(1) Bilateral Filtering2\qx_cvpr09_ctbf.vcxproj”在节点 2 上(Build 个目标)。
     1>ClCompile:
         E:\Microsoft Visual Studio 12.0\VC\bin\CL.exe /c /ZI /nologo /W3 /WX- /Od /Oy- /D WIN32 /D _DEBUG /D _CONSOLE /D _UNICODE /D UNICODE /Gm /EHsc /RTC1 /MDd /GS /fp:precise /Zc:wchar_t /Zc:forScope /Fo"Debug\\" /Fd"Debug\vc120.pdb" /Gd /TP /analyze- /errorReport:prompt qx_constant_time_bilateral_filter.cpp qx_cvpr09_ctbf_basic.cpp qx_cvpr09_ctbf_main.cpp qx_ppm.cpp
         qx_cvpr09_ctbf_main.cpp
     1>c:\users\administrator\desktop\c++\code_c++_real-time o(1) bilateral filtering2\qx_cvpr09_ctbf_basic.h(40): warning C4244: “return”: 从“float”转换到“unsigned char”，可能丢失数据
     1>c:\users\administrator\desktop\c++\code_c++_real-time o(1) bilateral filtering2\qx_cvpr09_ctbf_basic.h(41): warning C4244: “return”: 从“float”转换到“unsigned char”，可能丢失数据
     1>c:\users\administrator\desktop\c++\code_c++_real-time o(1) bilateral filtering2\qx_cvpr09_ctbf_basic.h(42): warning C4244: “参数”: 从“float”转换到“int”，可能丢失数据
     1>c:\users\administrator\desktop\c++\code_c++_real-time o(1) bilateral filtering2\qx_cvpr09_ctbf_basic.h(43): warning C4244: “参数”: 从“double”转换到“int”，可能丢失数据
     1>c:\users\administrator\desktop\c++\code_c++_real-time o(1) bilateral filtering2\qx_cvpr09_ctbf_basic.h(45): warning C4244: “参数”: 从“double”转换到“int”，可能丢失数据
         正在生成代码...
         正在跳过...(未检测到相关更改)
         qx_ppm.cpp
         qx_cvpr09_ctbf_basic.cpp
         qx_constant_time_bilateral_filter.cpp
       Link:
         E:\Microsoft Visual Studio 12.0\VC\bin\link.exe /ERRORREPORT:PROMPT /OUT:"C:\Users\Administrator\Desktop\C++\Code_C++_Real-time O(1) Bilateral Filtering2\Debug\qx_cvpr09_ctbf.exe" /INCREMENTAL /NOLOGO kernel32.lib user32.lib gdi32.lib winspool.lib comdlg32.lib advapi32.lib shell32.lib ole32.lib oleaut32.lib uuid.lib odbc32.lib odbccp32.lib /MANIFEST /MANIFESTUAC:"level='asInvoker' uiAccess='false'" /manifest:embed /DEBUG /PDB:"C:\Users\Administrator\Desktop\C++\Code_C++_Real-time O(1) Bilateral Filtering2\Debug\qx_cvpr09_ctbf.pdb" /SUBSYSTEM:CONSOLE /TLBID:1 /DYNAMICBASE /NXCOMPAT /IMPLIB:"C:\Users\Administrator\Desktop\C++\Code_C++_Real-time O(1) Bilateral Filtering2\Debug\qx_cvpr09_ctbf.lib" /MACHINE:X86 /SAFESEH Debug\qx_cvpr09_ctbf_basic.obj
         Debug\qx_ppm.obj
         Debug\qx_constant_time_bilateral_filter.obj
         Debug\qx_cvpr09_ctbf_main.obj
         qx_cvpr09_ctbf.vcxproj -> C:\Users\Administrator\Desktop\C++\Code_C++_Real-time O(1) Bilateral Filtering2\Debug\qx_cvpr09_ctbf.exe
     1>已完成生成项目“C:\Users\Administrator\Desktop\C++\Code_C++_Real-time O(1) Bilateral Filtering2\qx_cvpr09_ctbf.vcxproj”(Build 个目标)的操作。

生成成功。

已用时间 00:00:02.01
